<?xml version="1.0" encoding="UTF-8"?>
<testsuite name="TCPProxy2.LibraryTest" tests="1" skipped="0" failures="0" errors="0" timestamp="2020-11-20T02:29:21" hostname="9INS" time="0.003">
  <properties/>
  <testcase name="testSomeLibraryMethod" classname="TCPProxy2.LibraryTest" time="0.003"/>
  <system-out><![CDATA[]]></system-out>
  <system-err><![CDATA[]]></system-err>
</testsuite>
