<?xml version="1.0" encoding="UTF-8"?>
<testsuite name="TCPProxy.LibraryTest" tests="1" skipped="0" failures="0" errors="0" timestamp="2021-01-14T04:24:41" hostname="9INS" time="0.002">
  <properties/>
  <testcase name="testSomeLibraryMethod" classname="TCPProxy.LibraryTest" time="0.002"/>
  <system-out><![CDATA[]]></system-out>
  <system-err><![CDATA[]]></system-err>
</testsuite>
