<?xml version="1.0" encoding="UTF-8"?>
<testsuite name="TCPProxy2.LibraryTest" tests="1" skipped="0" failures="0" errors="0" timestamp="2021-07-30T08:19:28" hostname="KOOIN" time="0.001">
  <properties/>
  <testcase name="testSomeLibraryMethod" classname="TCPProxy2.LibraryTest" time="0.001"/>
  <system-out><![CDATA[]]></system-out>
  <system-err><![CDATA[]]></system-err>
</testsuite>
